<?xml version="1.0" encoding="UTF-8"?>
<!-- Generated by org.testng.reporters.JUnitReportReporter -->
<testsuite hostname="MSI" failures="0" tests="3" name="TestClass.ValidateLogin" time="16.515" errors="0" timestamp="03 Feb 2022 08:34:36 GMT" skipped="0">
  <testcase classname="TestClass.ValidateLogin" name="Login" time="4.763"/>
  <testcase classname="TestClass.ValidateLogin" name="Login" time="5.015"/>
  <testcase classname="TestClass.ValidateLogin" name="Login" time="6.737"/>
</testsuite> <!-- TestClass.ValidateLogin -->
