<?xml version="1.0" encoding="UTF-8"?>
<!-- Generated by org.testng.reporters.JUnitReportReporter -->
<testsuite hostname="MSI" failures="0" tests="6" name="TestClass.ValidateTimetrackSUb" time="40.920" errors="0" timestamp="06 Feb 2022 13:11:08 GMT" skipped="0">
  <testcase classname="TestClass.ValidateTimetrackSUb" name="ViewTT" time="6.255"/>
  <testcase classname="TestClass.ValidateTimetrackSUb" name="ViewTT" time="2.403"/>
  <testcase classname="TestClass.ValidateTimetrackSUb" name="ViewTT" time="1.891"/>
  <testcase classname="TestClass.ValidateTimetrackSUb" name="EnterTT" time="5.534"/>
  <testcase classname="TestClass.ValidateTimetrackSUb" name="EnterTT" time="5.799"/>
  <testcase classname="TestClass.ValidateTimetrackSUb" name="EnterTT" time="19.038"/>
</testsuite> <!-- TestClass.ValidateTimetrackSUb -->
