<?xml version="1.0" encoding="UTF-8"?>
<!-- Generated by org.testng.reporters.JUnitReportReporter -->
<testsuite hostname="MSI" failures="0" tests="3" name="TestClass.ValidateLogin" time="28.061" errors="0" timestamp="06 Feb 2022 13:11:08 GMT" skipped="0">
  <testcase classname="TestClass.ValidateLogin" name="Login" time="6.449"/>
  <testcase classname="TestClass.ValidateLogin" name="Login" time="3.791"/>
  <testcase classname="TestClass.ValidateLogin" name="Login" time="17.821"/>
</testsuite> <!-- TestClass.ValidateLogin -->
