<?xml version="1.0" encoding="UTF-8"?>
<!-- Generated by org.testng.reporters.JUnitReportReporter -->
<testsuite hostname="MSI" failures="0" tests="6" name="TestClass.ValidateTimetrackSUb" time="22.670" errors="0" timestamp="03 Feb 2022 08:34:36 GMT" skipped="0">
  <testcase classname="TestClass.ValidateTimetrackSUb" name="EnterTT" time="6.497"/>
  <testcase classname="TestClass.ValidateTimetrackSUb" name="ViewTT" time="2.217"/>
  <testcase classname="TestClass.ValidateTimetrackSUb" name="ViewTT" time="1.381"/>
  <testcase classname="TestClass.ValidateTimetrackSUb" name="EnterTT" time="1.389"/>
  <testcase classname="TestClass.ValidateTimetrackSUb" name="EnterTT" time="5.013"/>
  <testcase classname="TestClass.ValidateTimetrackSUb" name="ViewTT" time="6.173"/>
</testsuite> <!-- TestClass.ValidateTimetrackSUb -->
