<?xml version="1.0" encoding="UTF-8"?>
<!-- Generated by org.testng.reporters.JUnitReportReporter -->
<testsuite hostname="MSI" failures="0" tests="15" name="TestClass.validateHeader" time="57.120" errors="0" timestamp="06 Feb 2022 13:11:08 GMT" skipped="0">
  <testcase classname="TestClass.validateHeader" name="VerifyWorkSchedule" time="1.486"/>
  <testcase classname="TestClass.validateHeader" name="VerifyTimetrack" time="1.144"/>
  <testcase classname="TestClass.validateHeader" name="VerifyUsers" time="4.482"/>
  <testcase classname="TestClass.validateHeader" name="VerifyWorkSchedule" time="1.632"/>
  <testcase classname="TestClass.validateHeader" name="VerifyReports" time="20.015"/>
  <testcase classname="TestClass.validateHeader" name="VerifyTimetrack" time="1.378"/>
  <testcase classname="TestClass.validateHeader" name="VerifyReports" time="1.971"/>
  <testcase classname="TestClass.validateHeader" name="VerifyUsers" time="2.058"/>
  <testcase classname="TestClass.validateHeader" name="VerifyUsers" time="1.984"/>
  <testcase classname="TestClass.validateHeader" name="VerifyWorkSchedule" time="1.785"/>
  <testcase classname="TestClass.validateHeader" name="VerifyTasks" time="9.320"/>
  <testcase classname="TestClass.validateHeader" name="VerifyReports" time="5.055"/>
  <testcase classname="TestClass.validateHeader" name="VerifyTimetrack" time="1.430"/>
  <testcase classname="TestClass.validateHeader" name="VerifyTasks" time="1.760"/>
  <testcase classname="TestClass.validateHeader" name="VerifyTasks" time="1.620"/>
</testsuite> <!-- TestClass.validateHeader -->
