<?xml version="1.0" encoding="UTF-8"?>
<!-- Generated by org.testng.reporters.JUnitReportReporter -->
<testsuite hostname="MSI" failures="0" tests="15" name="TestClass.validateHeader" time="33.375" errors="0" timestamp="03 Feb 2022 08:34:36 GMT" skipped="0">
  <testcase classname="TestClass.validateHeader" name="VerifyTasks" time="1.326"/>
  <testcase classname="TestClass.validateHeader" name="VerifyTimetrack" time="1.058"/>
  <testcase classname="TestClass.validateHeader" name="VerifyTimetrack" time="4.790"/>
  <testcase classname="TestClass.validateHeader" name="VerifyWorkSchedule" time="1.167"/>
  <testcase classname="TestClass.validateHeader" name="VerifyReports" time="5.178"/>
  <testcase classname="TestClass.validateHeader" name="VerifyReports" time="1.602"/>
  <testcase classname="TestClass.validateHeader" name="VerifyUsers" time="3.336"/>
  <testcase classname="TestClass.validateHeader" name="VerifyWorkSchedule" time="1.292"/>
  <testcase classname="TestClass.validateHeader" name="VerifyWorkSchedule" time="1.012"/>
  <testcase classname="TestClass.validateHeader" name="VerifyUsers" time="1.937"/>
  <testcase classname="TestClass.validateHeader" name="VerifyTasks" time="1.648"/>
  <testcase classname="TestClass.validateHeader" name="VerifyTimetrack" time="0.719"/>
  <testcase classname="TestClass.validateHeader" name="VerifyReports" time="5.599"/>
  <testcase classname="TestClass.validateHeader" name="VerifyTasks" time="1.226"/>
  <testcase classname="TestClass.validateHeader" name="VerifyUsers" time="1.485"/>
</testsuite> <!-- TestClass.validateHeader -->
