<?xml version="1.0" encoding="UTF-8"?>
<!-- Generated by org.testng.reporters.JUnitReportReporter -->
<testsuite hostname="MSI" failures="0" tests="4" name="testClass_pacakge.TestClass" time="60.027" errors="0" timestamp="05 Feb 2022 08:24:56 GMT" skipped="0">
  <testcase classname="testClass_pacakge.TestClass" name="verifydashboard" time="15.605"/>
  <testcase classname="testClass_pacakge.TestClass" name="verifydashboard" time="15.809"/>
  <testcase classname="testClass_pacakge.TestClass" name="verifyorder" time="14.044"/>
  <testcase classname="testClass_pacakge.TestClass" name="verifyorder" time="14.569"/>
</testsuite> <!-- testClass_pacakge.TestClass -->
